# JRE version: Java(TM) SE Runtime Environment (8.0_181-b13) (build 1.8.0_181-b13)
# Java VM: Java HotSpot(TM) 64-Bit Server VM (25.181-b13 mixed mode linux-amd64 compressed oops)
Heap:
 PSYoungGen      total 70656K, used 6860K [0x00000000ebf00000, 0x00000000f0b00000, 0x0000000100000000)
  eden space 63488K, 0% used [0x00000000ebf00000,0x00000000ebf00000,0x00000000efd00000)
  from space 7168K, 95% used [0x00000000efd00000,0x00000000f03b31b8,0x00000000f0400000)
  to   space 6656K, 0% used [0x00000000f0480000,0x00000000f0480000,0x00000000f0b00000)
 ParOldGen       total 27648K, used 5411K [0x00000000c3c00000, 0x00000000c5700000, 0x00000000ebf00000)
  object space 27648K, 19% used [0x00000000c3c00000,0x00000000c4148cb0,0x00000000c5700000)
 Metaspace       used 25785K, capacity 26496K, committed 26880K, reserved 1073152K
  class space    used 3336K, capacity 3500K, committed 3584K, reserved 1048576K
GC Heap History (10 events):
Event: 2,098 GC heap after
Heap after GC invocations=3 (full 0):
 PSYoungGen      total 18432K, used 2536K [0x00000000ebf00000, 0x00000000ee300000, 0x0000000100000000)
  eden space 15872K, 0% used [0x00000000ebf00000,0x00000000ebf00000,0x00000000ece80000)
  from space 2560K, 99% used [0x00000000ece80000,0x00000000ed0fa1e0,0x00000000ed100000)
  to   space 2560K, 0% used [0x00000000ee080000,0x00000000ee080000,0x00000000ee300000)
 ParOldGen       total 42496K, used 990K [0x00000000c3c00000, 0x00000000c6580000, 0x00000000ebf00000)
  object space 42496K, 2% used [0x00000000c3c00000,0x00000000c3cf7948,0x00000000c6580000)
 Metaspace       used 10670K, capacity 11270K, committed 11520K, reserved 1058816K
  class space    used 1367K, capacity 1507K, committed 1536K, reserved 1048576K
}
Event: 2,865 GC heap before
{Heap before GC invocations=4 (full 0):
 PSYoungGen      total 18432K, used 18408K [0x00000000ebf00000, 0x00000000ee300000, 0x0000000100000000)
  eden space 15872K, 100% used [0x00000000ebf00000,0x00000000ece80000,0x00000000ece80000)
  from space 2560K, 99% used [0x00000000ece80000,0x00000000ed0fa1e0,0x00000000ed100000)
  to   space 2560K, 0% used [0x00000000ee080000,0x00000000ee080000,0x00000000ee300000)
 ParOldGen       total 42496K, used 990K [0x00000000c3c00000, 0x00000000c6580000, 0x00000000ebf00000)
  object space 42496K, 2% used [0x00000000c3c00000,0x00000000c3cf7948,0x00000000c6580000)
 Metaspace       used 14657K, capacity 15260K, committed 15488K, reserved 1062912K
  class space    used 1969K, capacity 2124K, committed 2176K, reserved 1048576K
Event: 2,883 GC heap after
Heap after GC invocations=4 (full 0):
 PSYoungGen      total 34304K, used 2549K [0x00000000ebf00000, 0x00000000ee300000, 0x0000000100000000)
  eden space 31744K, 0% used [0x00000000ebf00000,0x00000000ebf00000,0x00000000ede00000)
  from space 2560K, 99% used [0x00000000ee080000,0x00000000ee2fd408,0x00000000ee300000)
  to   space 2560K, 0% used [0x00000000ede00000,0x00000000ede00000,0x00000000ee080000)
 ParOldGen       total 42496K, used 2174K [0x00000000c3c00000, 0x00000000c6580000, 0x00000000ebf00000)
  object space 42496K, 5% used [0x00000000c3c00000,0x00000000c3e1f9b0,0x00000000c6580000)
 Metaspace       used 14657K, capacity 15260K, committed 15488K, reserved 1062912K
  class space    used 1969K, capacity 2124K, committed 2176K, reserved 1048576K
}
Event: 4,992 GC heap before
{Heap before GC invocations=5 (full 0):
 PSYoungGen      total 34304K, used 34293K [0x00000000ebf00000, 0x00000000ee300000, 0x0000000100000000)
  eden space 31744K, 100% used [0x00000000ebf00000,0x00000000ede00000,0x00000000ede00000)
  from space 2560K, 99% used [0x00000000ee080000,0x00000000ee2fd408,0x00000000ee300000)
  to   space 2560K, 0% used [0x00000000ede00000,0x00000000ede00000,0x00000000ee080000)
 ParOldGen       total 42496K, used 2174K [0x00000000c3c00000, 0x00000000c6580000, 0x00000000ebf00000)
  object space 42496K, 5% used [0x00000000c3c00000,0x00000000c3e1f9b0,0x00000000c6580000)
 Metaspace       used 20313K, capacity 20998K, committed 21248K, reserved 1067008K
  class space    used 2580K, capacity 2749K, committed 2816K, reserved 1048576K
Event: 5,014 GC heap after
Heap after GC invocations=5 (full 0):
 PSYoungGen      total 34304K, used 2549K [0x00000000ebf00000, 0x00000000f0c00000, 0x0000000100000000)
  eden space 31744K, 0% used [0x00000000ebf00000,0x00000000ebf00000,0x00000000ede00000)
  from space 2560K, 99% used [0x00000000ede00000,0x00000000ee07d408,0x00000000ee080000)
  to   space 7680K, 0% used [0x00000000f0480000,0x00000000f0480000,0x00000000f0c00000)
 ParOldGen       total 42496K, used 7302K [0x00000000c3c00000, 0x00000000c6580000, 0x00000000ebf00000)
  object space 42496K, 17% used [0x00000000c3c00000,0x00000000c4321800,0x00000000c6580000)
 Metaspace       used 20313K, capacity 20998K, committed 21248K, reserved 1067008K
  class space    used 2580K, capacity 2749K, committed 2816K, reserved 1048576K
}
Event: 5,045 GC heap before
{Heap before GC invocations=6 (full 0):
 PSYoungGen      total 34304K, used 3900K [0x00000000ebf00000, 0x00000000f0c00000, 0x0000000100000000)
  eden space 31744K, 4% used [0x00000000ebf00000,0x00000000ec051e38,0x00000000ede00000)
  from space 2560K, 99% used [0x00000000ede00000,0x00000000ee07d408,0x00000000ee080000)
  to   space 7680K, 0% used [0x00000000f0480000,0x00000000f0480000,0x00000000f0c00000)
 ParOldGen       total 42496K, used 7302K [0x00000000c3c00000, 0x00000000c6580000, 0x00000000ebf00000)
  object space 42496K, 17% used [0x00000000c3c00000,0x00000000c4321800,0x00000000c6580000)
 Metaspace       used 20462K, capacity 21094K, committed 21248K, reserved 1067008K
  class space    used 2609K, capacity 2781K, committed 2816K, reserved 1048576K
Event: 5,051 GC heap after
Heap after GC invocations=6 (full 0):
 PSYoungGen      total 70144K, used 2714K [0x00000000ebf00000, 0x00000000f0b00000, 0x0000000100000000)
  eden space 63488K, 0% used [0x00000000ebf00000,0x00000000ebf00000,0x00000000efd00000)
  from space 6656K, 40% used [0x00000000f0480000,0x00000000f07269c0,0x00000000f0b00000)
  to   space 7168K, 0% used [0x00000000efd00000,0x00000000efd00000,0x00000000f0400000)
 ParOldGen       total 42496K, used 7310K [0x00000000c3c00000, 0x00000000c6580000, 0x00000000ebf00000)
  object space 42496K, 17% used [0x00000000c3c00000,0x00000000c4323800,0x00000000c6580000)
 Metaspace       used 20462K, capacity 21094K, committed 21248K, reserved 1067008K
  class space    used 2609K, capacity 2781K, committed 2816K, reserved 1048576K
}
Event: 5,051 GC heap before
{Heap before GC invocations=7 (full 1):
 PSYoungGen      total 70144K, used 2714K [0x00000000ebf00000, 0x00000000f0b00000, 0x0000000100000000)
  eden space 63488K, 0% used [0x00000000ebf00000,0x00000000ebf00000,0x00000000efd00000)
  from space 6656K, 40% used [0x00000000f0480000,0x00000000f07269c0,0x00000000f0b00000)
  to   space 7168K, 0% used [0x00000000efd00000,0x00000000efd00000,0x00000000f0400000)
 ParOldGen       total 42496K, used 7310K [0x00000000c3c00000, 0x00000000c6580000, 0x00000000ebf00000)
  object space 42496K, 17% used [0x00000000c3c00000,0x00000000c4323800,0x00000000c6580000)
 Metaspace       used 20462K, capacity 21094K, committed 21248K, reserved 1067008K
  class space    used 2609K, capacity 2781K, committed 2816K, reserved 1048576K
Event: 5,116 GC heap after
Heap after GC invocations=7 (full 1):
 PSYoungGen      total 70144K, used 0K [0x00000000ebf00000, 0x00000000f0b00000, 0x0000000100000000)
  eden space 63488K, 0% used [0x00000000ebf00000,0x00000000ebf00000,0x00000000efd00000)
  from space 6656K, 0% used [0x00000000f0480000,0x00000000f0480000,0x00000000f0b00000)
  to   space 7168K, 0% used [0x00000000efd00000,0x00000000efd00000,0x00000000f0400000)
 ParOldGen       total 27648K, used 5403K [0x00000000c3c00000, 0x00000000c5700000, 0x00000000ebf00000)
  object space 27648K, 19% used [0x00000000c3c00000,0x00000000c4146cb0,0x00000000c5700000)
 Metaspace       used 20462K, capacity 21094K, committed 21248K, reserved 1067008K
  class space    used 2609K, capacity 2781K, committed 2816K, reserved 1048576K
}
Event: 6,501 GC heap before
{Heap before GC invocations=8 (full 1):
 PSYoungGen      total 70144K, used 63488K [0x00000000ebf00000, 0x00000000f0b00000, 0x0000000100000000)
  eden space 63488K, 100% used [0x00000000ebf00000,0x00000000efd00000,0x00000000efd00000)
  from space 6656K, 0% used [0x00000000f0480000,0x00000000f0480000,0x00000000f0b00000)
  to   space 7168K, 0% used [0x00000000efd00000,0x00000000efd00000,0x00000000f0400000)
 ParOldGen       total 27648K, used 5403K [0x00000000c3c00000, 0x00000000c5700000, 0x00000000ebf00000)
  object space 27648K, 19% used [0x00000000c3c00000,0x00000000c4146cb0,0x00000000c5700000)
 Metaspace       used 25785K, capacity 26496K, committed 26880K, reserved 1073152K
  class space    used 3336K, capacity 3500K, committed 3584K, reserved 1048576K

